Ign http://dl.google.com stable InRelease
Hit http://dl.google.com stable Release.gpg
Hit http://dl.google.com stable Release
Ign http://us.archive.ubuntu.com trusty InRelease
Hit http://dl.google.com stable/main amd64 Packages
Ign http://security.ubuntu.com trusty-security InRelease
Hit http://dl.google.com stable/main i386 Packages
Ign http://us.archive.ubuntu.com trusty-updates InRelease
Ign http://extras.ubuntu.com trusty InRelease
Hit http://security.ubuntu.com trusty-security Release.gpg
Ign http://us.archive.ubuntu.com trusty-backports InRelease
Hit http://extras.ubuntu.com trusty Release.gpg
Hit http://us.archive.ubuntu.com trusty Release.gpg
Hit http://security.ubuntu.com trusty-security Release
Get:1 http://us.archive.ubuntu.com trusty-updates Release.gpg [933 B]
Hit http://extras.ubuntu.com trusty Release
Get:2 http://us.archive.ubuntu.com trusty-backports Release.gpg [933 B]
Ign http://dl.google.com stable/main Translation-en_US
Ign http://dl.google.com stable/main Translation-en
Hit http://security.ubuntu.com trusty-security/main Sources
Hit http://us.archive.ubuntu.com trusty Release
Hit http://extras.ubuntu.com trusty/main Sources
Get:3 http://us.archive.ubuntu.com trusty-updates Release [58.5 kB]
Hit http://security.ubuntu.com trusty-security/restricted Sources
Hit http://extras.ubuntu.com trusty/main amd64 Packages
Hit http://extras.ubuntu.com trusty/main i386 Packages
Get:4 http://us.archive.ubuntu.com trusty-backports Release [58.6 kB]
Hit http://security.ubuntu.com trusty-security/universe Sources
Hit http://security.ubuntu.com trusty-security/multiverse Sources
Hit http://us.archive.ubuntu.com trusty/main Sources
Hit http://us.archive.ubuntu.com trusty/restricted Sources
Hit http://security.ubuntu.com trusty-security/main amd64 Packages
Hit http://us.archive.ubuntu.com trusty/universe Sources
Hit http://us.archive.ubuntu.com trusty/multiverse Sources
Hit http://security.ubuntu.com trusty-security/restricted amd64 Packages
Hit http://us.archive.ubuntu.com trusty/main amd64 Packages
Hit http://security.ubuntu.com trusty-security/universe amd64 Packages
Hit http://us.archive.ubuntu.com trusty/restricted amd64 Packages
Hit http://us.archive.ubuntu.com trusty/universe amd64 Packages
Hit http://security.ubuntu.com trusty-security/multiverse amd64 Packages
Hit http://us.archive.ubuntu.com trusty/multiverse amd64 Packages
Hit http://security.ubuntu.com trusty-security/main i386 Packages
Hit http://security.ubuntu.com trusty-security/restricted i386 Packages
Hit http://us.archive.ubuntu.com trusty/main i386 Packages
Hit http://security.ubuntu.com trusty-security/universe i386 Packages
Hit http://us.archive.ubuntu.com trusty/restricted i386 Packages
Hit http://us.archive.ubuntu.com trusty/universe i386 Packages
Hit http://security.ubuntu.com trusty-security/multiverse i386 Packages
Hit http://us.archive.ubuntu.com trusty/multiverse i386 Packages
Ign http://extras.ubuntu.com trusty/main Translation-en_US
Hit http://us.archive.ubuntu.com trusty/main Translation-en
Hit http://security.ubuntu.com trusty-security/main Translation-en
Ign http://extras.ubuntu.com trusty/main Translation-en
Hit http://us.archive.ubuntu.com trusty/multiverse Translation-en
Hit http://security.ubuntu.com trusty-security/multiverse Translation-en
Hit http://us.archive.ubuntu.com trusty/restricted Translation-en
Hit http://us.archive.ubuntu.com trusty/universe Translation-en
Hit http://security.ubuntu.com trusty-security/restricted Translation-en
Get:5 http://us.archive.ubuntu.com trusty-updates/main Sources [29.3 kB]
Hit http://security.ubuntu.com trusty-security/universe Translation-en
Get:6 http://us.archive.ubuntu.com trusty-updates/restricted Sources [14 B]
Get:7 http://us.archive.ubuntu.com trusty-updates/universe Sources [18.7 kB]
Get:8 http://us.archive.ubuntu.com trusty-updates/multiverse Sources [2,220 B]
Get:9 http://us.archive.ubuntu.com trusty-updates/main amd64 Packages [73.0 kB]
Get:10 http://us.archive.ubuntu.com trusty-updates/restricted amd64 Packages [14 B]
Get:11 http://us.archive.ubuntu.com trusty-updates/universe amd64 Packages [45.5 kB]
Get:12 http://us.archive.ubuntu.com trusty-updates/multiverse amd64 Packages [7,099 B]
Get:13 http://us.archive.ubuntu.com trusty-updates/main i386 Packages [71.2 kB]
Get:14 http://us.archive.ubuntu.com trusty-updates/restricted i386 Packages [14 B]
Get:15 http://us.archive.ubuntu.com trusty-updates/universe i386 Packages [45.6 kB]
Get:16 http://us.archive.ubuntu.com trusty-updates/multiverse i386 Packages [7,277 B]
Ign http://security.ubuntu.com trusty-security/main Translation-en_US
Hit http://us.archive.ubuntu.com trusty-updates/main Translation-en
Hit http://us.archive.ubuntu.com trusty-updates/multiverse Translation-en
Hit http://us.archive.ubuntu.com trusty-updates/restricted Translation-en
Hit http://us.archive.ubuntu.com trusty-updates/universe Translation-en
Get:17 http://us.archive.ubuntu.com trusty-backports/main Sources [14 B]
Get:18 http://us.archive.ubuntu.com trusty-backports/restricted Sources [14 B]
Ign http://security.ubuntu.com trusty-security/multiverse Translation-en_US
Get:19 http://us.archive.ubuntu.com trusty-backports/universe Sources [661 B]
Get:20 http://us.archive.ubuntu.com trusty-backports/multiverse Sources [14 B]
Ign http://security.ubuntu.com trusty-security/restricted Translation-en_US
Get:21 http://us.archive.ubuntu.com trusty-backports/main amd64 Packages [14 B]
Get:22 http://us.archive.ubuntu.com trusty-backports/restricted amd64 Packages [14 B]
Ign http://security.ubuntu.com trusty-security/universe Translation-en_US
Get:23 http://us.archive.ubuntu.com trusty-backports/universe amd64 Packages [611 B]
Get:24 http://us.archive.ubuntu.com trusty-backports/multiverse amd64 Packages [14 B]
Get:25 http://us.archive.ubuntu.com trusty-backports/main i386 Packages [14 B]
Get:26 http://us.archive.ubuntu.com trusty-backports/restricted i386 Packages [14 B]
Get:27 http://us.archive.ubuntu.com trusty-backports/universe i386 Packages [611 B]
Get:28 http://us.archive.ubuntu.com trusty-backports/multiverse i386 Packages [14 B]
Hit http://us.archive.ubuntu.com trusty-backports/main Translation-en
Hit http://us.archive.ubuntu.com trusty-backports/multiverse Translation-en
Hit http://us.archive.ubuntu.com trusty-backports/restricted Translation-en
Hit http://us.archive.ubuntu.com trusty-backports/universe Translation-en
Ign http://us.archive.ubuntu.com trusty/main Translation-en_US
Ign http://us.archive.ubuntu.com trusty/multiverse Translation-en_US
Ign http://us.archive.ubuntu.com trusty/restricted Translation-en_US
Ign http://us.archive.ubuntu.com trusty/universe Translation-en_US
Ign http://us.archive.ubuntu.com trusty-updates/main Translation-en_US
Ign http://us.archive.ubuntu.com trusty-updates/multiverse Translation-en_US
Ign http://us.archive.ubuntu.com trusty-updates/restricted Translation-en_US
Ign http://us.archive.ubuntu.com trusty-updates/universe Translation-en_US
Ign http://us.archive.ubuntu.com trusty-backports/main Translation-en_US
Ign http://us.archive.ubuntu.com trusty-backports/multiverse Translation-en_US
Ign http://us.archive.ubuntu.com trusty-backports/restricted Translation-en_US
Ign http://us.archive.ubuntu.com trusty-backports/universe Translation-en_US
Fetched 421 kB in 18s (23.2 kB/s)
Reading package lists...
Reading package lists...
Building dependency tree...
Reading state information...
build-essential is already the newest version.
curl is already the newest version.
libreadline-dev is already the newest version.
libruby1.9.1 is already the newest version.
libxml2-dev is already the newest version.
libyaml-dev is already the newest version.
ruby1.9.1 is already the newest version.
ruby1.9.1-dev is already the newest version.
zlib1g-dev is already the newest version.
libssl-dev is already the newest version.
openssl is already the newest version.
0 upgraded, 0 newly installed, 0 to remove and 28 not upgraded.
Building native extensions.  This could take a while...
Successfully installed ruby-shadow-2.3.4
Successfully installed chef-11.12.4
2 gems installed
